<?xml version="1.0" encoding="UTF-8"?>
<!-- Generated by org.testng.reporters.JUnitReportReporter -->
<testsuite hostname="DESKTOP-BEH2CCO" name="TestRunner.MyRunner" tests="2" failures="0" timestamp="19 Jun 2023 10:32:57 GMT" time="0.373" errors="0">
  <testcase name="runScenario" time="0.335" classname="TestRunner.MyRunner"/>
  <testcase name="runScenario" time="0.038" classname="TestRunner.MyRunner"/>
</testsuite> <!-- TestRunner.MyRunner -->
